<?xml version="1.0" encoding="UTF-8"?>
<testsuite name="challenge.SubmitTest" tests="6" skipped="0" failures="0" errors="0" timestamp="2019-02-08T12:15:47" hostname="DESKTOP-J9CC97G" time="23.149">
  <properties/>
  <testcase name="q1" classname="challenge.SubmitTest" time="22.959"/>
  <testcase name="q2" classname="challenge.SubmitTest" time="0.021"/>
  <testcase name="q3" classname="challenge.SubmitTest" time="0.001"/>
  <testcase name="q4" classname="challenge.SubmitTest" time="0.031"/>
  <testcase name="q5" classname="challenge.SubmitTest" time="0.099"/>
  <testcase name="q6" classname="challenge.SubmitTest" time="0.034"/>
  <system-out><![CDATA[]]></system-out>
  <system-err><![CDATA[]]></system-err>
</testsuite>
